Build started 2016/2/19 20:55:12.
     1>Project "E:\workspace_vs2012\91.FileSystem\91.FileSystem\91.FileSystem.vcxproj" on node 2 (Build target(s)).
     1>ClCompile:
         D:\Program Files\VC\bin\CL.exe /c /ZI /nologo /W3 /WX- /Od /Oy- /D _MBCS /Gm /EHsc /RTC1 /MDd /GS /fp:precise /Zc:wchar_t /Zc:forScope /Fo"Debug\\" /Fd"Debug\vc110.pdb" /Gd /TP /analyze- /errorReport:prompt Source.cpp
         Source.cpp
     1>e:\workspace_vs2012\91.filesystem\91.filesystem\source.cpp(44): warning C4996: 'strcpy': This function or variable may be unsafe. Consider using strcpy_s instead. To disable deprecation, use _CRT_SECURE_NO_WARNINGS. See online help for details.
                 d:\program files\vc\include\string.h(110) : see declaration of 'strcpy'
     1>e:\workspace_vs2012\91.filesystem\91.filesystem\source.cpp(55): warning C4996: 'strcpy': This function or variable may be unsafe. Consider using strcpy_s instead. To disable deprecation, use _CRT_SECURE_NO_WARNINGS. See online help for details.
                 d:\program files\vc\include\string.h(110) : see declaration of 'strcpy'
     1>e:\workspace_vs2012\91.filesystem\91.filesystem\source.cpp(70): warning C4996: 'strcpy': This function or variable may be unsafe. Consider using strcpy_s instead. To disable deprecation, use _CRT_SECURE_NO_WARNINGS. See online help for details.
                 d:\program files\vc\include\string.h(110) : see declaration of 'strcpy'
     1>e:\workspace_vs2012\91.filesystem\91.filesystem\source.cpp(82): warning C4996: 'strcpy': This function or variable may be unsafe. Consider using strcpy_s instead. To disable deprecation, use _CRT_SECURE_NO_WARNINGS. See online help for details.
                 d:\program files\vc\include\string.h(110) : see declaration of 'strcpy'
     1>e:\workspace_vs2012\91.filesystem\91.filesystem\source.cpp(122): warning C4996: 'strcpy': This function or variable may be unsafe. Consider using strcpy_s instead. To disable deprecation, use _CRT_SECURE_NO_WARNINGS. See online help for details.
                 d:\program files\vc\include\string.h(110) : see declaration of 'strcpy'
     1>e:\workspace_vs2012\91.filesystem\91.filesystem\source.cpp(124): warning C4996: 'scanf': This function or variable may be unsafe. Consider using scanf_s instead. To disable deprecation, use _CRT_SECURE_NO_WARNINGS. See online help for details.
                 d:\program files\vc\include\stdio.h(290) : see declaration of 'scanf'
     1>e:\workspace_vs2012\91.filesystem\91.filesystem\source.cpp(130): warning C4996: 'scanf': This function or variable may be unsafe. Consider using scanf_s instead. To disable deprecation, use _CRT_SECURE_NO_WARNINGS. See online help for details.
                 d:\program files\vc\include\stdio.h(290) : see declaration of 'scanf'
     1>e:\workspace_vs2012\91.filesystem\91.filesystem\source.cpp(133): warning C4996: 'scanf': This function or variable may be unsafe. Consider using scanf_s instead. To disable deprecation, use _CRT_SECURE_NO_WARNINGS. See online help for details.
                 d:\program files\vc\include\stdio.h(290) : see declaration of 'scanf'
     1>e:\workspace_vs2012\91.filesystem\91.filesystem\source.cpp(136): warning C4996: 'scanf': This function or variable may be unsafe. Consider using scanf_s instead. To disable deprecation, use _CRT_SECURE_NO_WARNINGS. See online help for details.
                 d:\program files\vc\include\stdio.h(290) : see declaration of 'scanf'
     1>e:\workspace_vs2012\91.filesystem\91.filesystem\source.cpp(137): warning C4996: 'scanf': This function or variable may be unsafe. Consider using scanf_s instead. To disable deprecation, use _CRT_SECURE_NO_WARNINGS. See online help for details.
                 d:\program files\vc\include\stdio.h(290) : see declaration of 'scanf'
     1>e:\workspace_vs2012\91.filesystem\91.filesystem\source.cpp(142): warning C4996: 'scanf': This function or variable may be unsafe. Consider using scanf_s instead. To disable deprecation, use _CRT_SECURE_NO_WARNINGS. See online help for details.
                 d:\program files\vc\include\stdio.h(290) : see declaration of 'scanf'
     1>e:\workspace_vs2012\91.filesystem\91.filesystem\source.cpp(143): warning C4996: 'scanf': This function or variable may be unsafe. Consider using scanf_s instead. To disable deprecation, use _CRT_SECURE_NO_WARNINGS. See online help for details.
                 d:\program files\vc\include\stdio.h(290) : see declaration of 'scanf'
     1>e:\workspace_vs2012\91.filesystem\91.filesystem\source.cpp(148): warning C4996: 'scanf': This function or variable may be unsafe. Consider using scanf_s instead. To disable deprecation, use _CRT_SECURE_NO_WARNINGS. See online help for details.
                 d:\program files\vc\include\stdio.h(290) : see declaration of 'scanf'
     1>e:\workspace_vs2012\91.filesystem\91.filesystem\source.cpp(154): warning C4996: 'scanf': This function or variable may be unsafe. Consider using scanf_s instead. To disable deprecation, use _CRT_SECURE_NO_WARNINGS. See online help for details.
                 d:\program files\vc\include\stdio.h(290) : see declaration of 'scanf'
       Link:
         D:\Program Files\VC\bin\link.exe /ERRORREPORT:PROMPT /OUT:"E:\workspace_vs2012\91.FileSystem\Debug\91.FileSystem.exe" /INCREMENTAL /NOLOGO kernel32.lib user32.lib gdi32.lib winspool.lib comdlg32.lib advapi32.lib shell32.lib ole32.lib oleaut32.lib uuid.lib odbc32.lib odbccp32.lib /MANIFEST /MANIFESTUAC:"level='asInvoker' uiAccess='false'" /manifest:embed /DEBUG /PDB:"E:\workspace_vs2012\91.FileSystem\Debug\91.FileSystem.pdb" /TLBID:1 /DYNAMICBASE /NXCOMPAT /IMPLIB:"E:\workspace_vs2012\91.FileSystem\Debug\91.FileSystem.lib" /MACHINE:X86 Debug\Source.obj
         91.FileSystem.vcxproj -> E:\workspace_vs2012\91.FileSystem\Debug\91.FileSystem.exe
     1>Done Building Project "E:\workspace_vs2012\91.FileSystem\91.FileSystem\91.FileSystem.vcxproj" (Build target(s)).

Build succeeded.

Time Elapsed 00:00:00.60
