Build started 2016/2/23 10:08:49.
     1>Project "E:\workspace_vs2012\108.CompNum2\108.CompNum2\108.CompNum2.vcxproj" on node 2 (Build target(s)).
     1>ClCompile:
         D:\Program Files\VC\bin\CL.exe /c /ZI /nologo /W3 /WX- /Od /Oy- /D _MBCS /Gm /EHsc /RTC1 /MDd /GS /fp:precise /Zc:wchar_t /Zc:forScope /Fo"Debug\\" /Fd"Debug\vc110.pdb" /Gd /TP /analyze- /errorReport:prompt Source.cpp
         Source.cpp
     1>e:\workspace_vs2012\108.compnum2\108.compnum2\source.cpp(20): warning C4996: 'scanf': This function or variable may be unsafe. Consider using scanf_s instead. To disable deprecation, use _CRT_SECURE_NO_WARNINGS. See online help for details.
                 d:\program files\vc\include\stdio.h(290) : see declaration of 'scanf'
     1>e:\workspace_vs2012\108.compnum2\108.compnum2\source.cpp(25): warning C4996: 'scanf': This function or variable may be unsafe. Consider using scanf_s instead. To disable deprecation, use _CRT_SECURE_NO_WARNINGS. See online help for details.
                 d:\program files\vc\include\stdio.h(290) : see declaration of 'scanf'
     1>e:\workspace_vs2012\108.compnum2\108.compnum2\source.cpp(31): warning C4996: 'scanf': This function or variable may be unsafe. Consider using scanf_s instead. To disable deprecation, use _CRT_SECURE_NO_WARNINGS. See online help for details.
                 d:\program files\vc\include\stdio.h(290) : see declaration of 'scanf'
     1>e:\workspace_vs2012\108.compnum2\108.compnum2\source.cpp(50): warning C4996: 'scanf': This function or variable may be unsafe. Consider using scanf_s instead. To disable deprecation, use _CRT_SECURE_NO_WARNINGS. See online help for details.
                 d:\program files\vc\include\stdio.h(290) : see declaration of 'scanf'
     1>e:\workspace_vs2012\108.compnum2\108.compnum2\source.cpp(24): warning C4101: 'i' : unreferenced local variable
     1>e:\workspace_vs2012\108.compnum2\108.compnum2\source.cpp(30): warning C4101: 'y' : unreferenced local variable
     1>e:\workspace_vs2012\108.compnum2\108.compnum2\source.cpp(30): warning C4101: 'x' : unreferenced local variable
       Link:
         D:\Program Files\VC\bin\link.exe /ERRORREPORT:PROMPT /OUT:"E:\workspace_vs2012\108.CompNum2\Debug\108.CompNum2.exe" /INCREMENTAL /NOLOGO kernel32.lib user32.lib gdi32.lib winspool.lib comdlg32.lib advapi32.lib shell32.lib ole32.lib oleaut32.lib uuid.lib odbc32.lib odbccp32.lib /MANIFEST /MANIFESTUAC:"level='asInvoker' uiAccess='false'" /manifest:embed /DEBUG /PDB:"E:\workspace_vs2012\108.CompNum2\Debug\108.CompNum2.pdb" /TLBID:1 /DYNAMICBASE /NXCOMPAT /IMPLIB:"E:\workspace_vs2012\108.CompNum2\Debug\108.CompNum2.lib" /MACHINE:X86 Debug\Source.obj
         108.CompNum2.vcxproj -> E:\workspace_vs2012\108.CompNum2\Debug\108.CompNum2.exe
     1>Done Building Project "E:\workspace_vs2012\108.CompNum2\108.CompNum2\108.CompNum2.vcxproj" (Build target(s)).

Build succeeded.

Time Elapsed 00:00:06.60
