Build started 2016/6/1 18:20:17.
     1>Project "E:\workspace_vs2012\MathLibrary\MathLibrary\MathLibrary.vcxproj" on node 2 (Build target(s)).
     1>ClCompile:
         D:\Program Files\VC\bin\CL.exe /c /Zi /nologo /W3 /WX- /sdl /O2 /Oi /Oy- /GL /D WIN32 /D NDEBUG /D _WINDOWS /D _USRDLL /D MATHLIBRARY_EXPORTS /D _WINDLL /D _UNICODE /D UNICODE /Gm- /EHsc /MD /GS /Gy /fp:precise /Zc:wchar_t /Zc:forScope /Yc"stdafx.h" /Fp"Release\MathLibrary.pch" /Fo"Release\\" /Fd"Release\vc110.pdb" /Gd /TP /analyze- /errorReport:prompt stdafx.cpp
         stdafx.cpp
         D:\Program Files\VC\bin\CL.exe /c /Zi /nologo /W3 /WX- /sdl /O2 /Oi /Oy- /GL /D WIN32 /D NDEBUG /D _WINDOWS /D _USRDLL /D MATHLIBRARY_EXPORTS /D _WINDLL /D _UNICODE /D UNICODE /Gm- /EHsc /MD /GS /Gy /fp:precise /Zc:wchar_t /Zc:forScope /Fo"Release\\" /Fd"Release\vc110.pdb" /Gd /TP /analyze- /errorReport:prompt dllmain.cpp
         dllmain.cpp
         D:\Program Files\VC\bin\CL.exe /c /Zi /nologo /W3 /WX- /sdl /O2 /Oi /Oy- /GL /D WIN32 /D NDEBUG /D _WINDOWS /D _USRDLL /D MATHLIBRARY_EXPORTS /D _WINDLL /D _UNICODE /D UNICODE /Gm- /EHsc /MD /GS /Gy /fp:precise /Zc:wchar_t /Zc:forScope /Yu"stdafx.h" /Fp"Release\MathLibrary.pch" /Fo"Release\\" /Fd"Release\vc110.pdb" /Gd /TP /analyze- /errorReport:prompt MathLibrary.cpp
         MathLibrary.cpp
       Link:
         D:\Program Files\VC\bin\link.exe /ERRORREPORT:PROMPT /OUT:"E:\workspace_vs2012\MathLibrary\Release\MathLibrary.dll" /INCREMENTAL:NO /NOLOGO kernel32.lib user32.lib gdi32.lib winspool.lib comdlg32.lib advapi32.lib shell32.lib ole32.lib oleaut32.lib uuid.lib odbc32.lib odbccp32.lib /MANIFEST /MANIFESTUAC:"level='asInvoker' uiAccess='false'" /manifest:embed /DEBUG /PDB:"E:\workspace_vs2012\MathLibrary\Release\MathLibrary.pdb" /SUBSYSTEM:WINDOWS /OPT:REF /OPT:ICF /LTCG /TLBID:1 /DYNAMICBASE /NXCOMPAT /IMPLIB:"E:\workspace_vs2012\MathLibrary\Release\MathLibrary.lib" /MACHINE:X86 /SAFESEH /DLL Release\dllmain.obj
         Release\MathLibrary.obj
         Release\stdafx.obj
            Creating library E:\workspace_vs2012\MathLibrary\Release\MathLibrary.lib and object E:\workspace_vs2012\MathLibrary\Release\MathLibrary.exp
         Generating code
         Finished generating code
         MathLibrary.vcxproj -> E:\workspace_vs2012\MathLibrary\Release\MathLibrary.dll
     1>Done Building Project "E:\workspace_vs2012\MathLibrary\MathLibrary\MathLibrary.vcxproj" (Build target(s)).

Build succeeded.

Time Elapsed 00:00:03.86
