Build started 2016/3/3 13:09:56.
     1>Project "E:\workspace_vs2012\2014计算机-D.PythonList\2014计算机-D.PythonList\2014计算机-D.PythonList.vcxproj" on node 2 (Build target(s)).
     1>ClCompile:
         D:\Program Files\VC\bin\CL.exe /c /ZI /nologo /W3 /WX- /Od /Oy- /D _UNICODE /D UNICODE /Gm /EHsc /RTC1 /MDd /GS /fp:precise /Zc:wchar_t /Zc:forScope /Fo"Debug\\" /Fd"Debug\vc110.pdb" /Gd /TP /analyze- /errorReport:prompt Source.cpp
         Source.cpp
     1>e:\workspace_vs2012\2014计算机-d.pythonlist\2014计算机-d.pythonlist\source.cpp(15): warning C4996: 'scanf': This function or variable may be unsafe. Consider using scanf_s instead. To disable deprecation, use _CRT_SECURE_NO_WARNINGS. See online help for details.
                 d:\program files\vc\include\stdio.h(290) : see declaration of 'scanf'
     1>e:\workspace_vs2012\2014计算机-d.pythonlist\2014计算机-d.pythonlist\source.cpp(19): warning C4996: 'scanf': This function or variable may be unsafe. Consider using scanf_s instead. To disable deprecation, use _CRT_SECURE_NO_WARNINGS. See online help for details.
                 d:\program files\vc\include\stdio.h(290) : see declaration of 'scanf'
     1>e:\workspace_vs2012\2014计算机-d.pythonlist\2014计算机-d.pythonlist\source.cpp(30): warning C4996: 'scanf': This function or variable may be unsafe. Consider using scanf_s instead. To disable deprecation, use _CRT_SECURE_NO_WARNINGS. See online help for details.
                 d:\program files\vc\include\stdio.h(290) : see declaration of 'scanf'
     1>e:\workspace_vs2012\2014计算机-d.pythonlist\2014计算机-d.pythonlist\source.cpp(49): warning C4996: 'strcpy': This function or variable may be unsafe. Consider using strcpy_s instead. To disable deprecation, use _CRT_SECURE_NO_WARNINGS. See online help for details.
                 d:\program files\vc\include\string.h(110) : see declaration of 'strcpy'
     1>e:\workspace_vs2012\2014计算机-d.pythonlist\2014计算机-d.pythonlist\source.cpp(110): warning C4018: '>=' : signed/unsigned mismatch
       Link:
         D:\Program Files\VC\bin\link.exe /ERRORREPORT:PROMPT /OUT:"E:\workspace_vs2012\2014计算机-D.PythonList\Debug\2014计算机-D.PythonList.exe" /INCREMENTAL /NOLOGO kernel32.lib user32.lib gdi32.lib winspool.lib comdlg32.lib advapi32.lib shell32.lib ole32.lib oleaut32.lib uuid.lib odbc32.lib odbccp32.lib /MANIFEST /MANIFESTUAC:"level='asInvoker' uiAccess='false'" /manifest:embed /DEBUG /PDB:"E:\workspace_vs2012\2014计算机-D.PythonList\Debug\2014计算机-D.PythonList.pdb" /TLBID:1 /DYNAMICBASE /NXCOMPAT /IMPLIB:"E:\workspace_vs2012\2014计算机-D.PythonList\Debug\2014计算机-D.PythonList.lib" /MACHINE:X86 "Debug\Source(2).obj"
         Debug\Source.obj
         2014计算机-D.PythonList.vcxproj -> E:\workspace_vs2012\2014计算机-D.PythonList\Debug\2014计算机-D.PythonList.exe
     1>Done Building Project "E:\workspace_vs2012\2014计算机-D.PythonList\2014计算机-D.PythonList\2014计算机-D.PythonList.vcxproj" (Build target(s)).

Build succeeded.

Time Elapsed 00:00:01.18
