E:\WORKSPACE_VS2012\MATHCLIENT\MATHCLIENT\RELEASE\MATHCLIENT.PCH
E:\WORKSPACE_VS2012\MATHCLIENT\MATHCLIENT\RELEASE\STDAFX.OBJ
E:\WORKSPACE_VS2012\MATHCLIENT\MATHCLIENT\RELEASE\VC110.PDB
E:\WORKSPACE_VS2012\MATHCLIENT\MATHCLIENT\RELEASE\MATHCLIENT.OBJ
E:\WORKSPACE_VS2012\MATHCLIENT\RELEASE\MATHCLIENT.EXE
E:\WORKSPACE_VS2012\MATHCLIENT\RELEASE\MATHCLIENT.PDB
E:\workspace_vs2012\MathClient\MathClient\Release\MathClient.obj
E:\workspace_vs2012\MathClient\MathClient\Release\stdafx.obj
E:\workspace_vs2012\MathClient\MathClient\Release\cl.command.1.tlog
E:\workspace_vs2012\MathClient\MathClient\Release\CL.read.1.tlog
E:\workspace_vs2012\MathClient\MathClient\Release\CL.write.1.tlog
E:\workspace_vs2012\MathClient\MathClient\Release\link-cvtres.read.1.tlog
E:\workspace_vs2012\MathClient\MathClient\Release\link-cvtres.write.1.tlog
E:\workspace_vs2012\MathClient\MathClient\Release\link-rc.read.1.tlog
E:\workspace_vs2012\MathClient\MathClient\Release\link-rc.write.1.tlog
E:\workspace_vs2012\MathClient\MathClient\Release\link.command.1.tlog
E:\workspace_vs2012\MathClient\MathClient\Release\link.read.1.tlog
E:\workspace_vs2012\MathClient\MathClient\Release\link.write.1.tlog
E:\workspace_vs2012\MathClient\MathClient\Release\MathClient.pch
E:\workspace_vs2012\MathClient\MathClient\Release\vc110.pdb
E:\workspace_vs2012\MathClient\Release\MathClient.pdb
E:\workspace_vs2012\MathClient\Release\MathClient.exe
