Build started 2016/2/28 8:24:53.
     1>Project "E:\workspace_vs2012\258.DataBaseSearch\258.DataBaseSearch\258.DataBaseSearch.vcxproj" on node 2 (Build target(s)).
     1>ClCompile:
         D:\Program Files\VC\bin\CL.exe /c /ZI /nologo /W3 /WX- /Od /Oy- /D _MBCS /Gm /EHsc /RTC1 /MDd /GS /fp:precise /Zc:wchar_t /Zc:forScope /Fo"Debug\\" /Fd"Debug\vc110.pdb" /Gd /TP /analyze- /errorReport:prompt Source.cpp
         Source.cpp
     1>e:\workspace_vs2012\258.databasesearch\258.databasesearch\source.cpp(22): warning C4996: 'scanf': This function or variable may be unsafe. Consider using scanf_s instead. To disable deprecation, use _CRT_SECURE_NO_WARNINGS. See online help for details.
                 d:\program files\vc\include\stdio.h(290) : see declaration of 'scanf'
     1>e:\workspace_vs2012\258.databasesearch\258.databasesearch\source.cpp(26): warning C4996: 'scanf': This function or variable may be unsafe. Consider using scanf_s instead. To disable deprecation, use _CRT_SECURE_NO_WARNINGS. See online help for details.
                 d:\program files\vc\include\stdio.h(290) : see declaration of 'scanf'
     1>e:\workspace_vs2012\258.databasesearch\258.databasesearch\source.cpp(35): warning C4996: 'scanf': This function or variable may be unsafe. Consider using scanf_s instead. To disable deprecation, use _CRT_SECURE_NO_WARNINGS. See online help for details.
                 d:\program files\vc\include\stdio.h(290) : see declaration of 'scanf'
     1>e:\workspace_vs2012\258.databasesearch\258.databasesearch\source.cpp(91): warning C4018: '<' : signed/unsigned mismatch
     1>e:\workspace_vs2012\258.databasesearch\258.databasesearch\source.cpp(113): warning C4129: '/' : unrecognized character escape sequence
     1>e:\workspace_vs2012\258.databasesearch\258.databasesearch\source.cpp(143): warning C4018: '<' : signed/unsigned mismatch
       Link:
         D:\Program Files\VC\bin\link.exe /ERRORREPORT:PROMPT /OUT:"E:\workspace_vs2012\258.DataBaseSearch\Debug\258.DataBaseSearch.exe" /INCREMENTAL /NOLOGO kernel32.lib user32.lib gdi32.lib winspool.lib comdlg32.lib advapi32.lib shell32.lib ole32.lib oleaut32.lib uuid.lib odbc32.lib odbccp32.lib /MANIFEST /MANIFESTUAC:"level='asInvoker' uiAccess='false'" /manifest:embed /DEBUG /PDB:"E:\workspace_vs2012\258.DataBaseSearch\Debug\258.DataBaseSearch.pdb" /TLBID:1 /DYNAMICBASE /NXCOMPAT /IMPLIB:"E:\workspace_vs2012\258.DataBaseSearch\Debug\258.DataBaseSearch.lib" /MACHINE:X86 Debug\Source.obj
         258.DataBaseSearch.vcxproj -> E:\workspace_vs2012\258.DataBaseSearch\Debug\258.DataBaseSearch.exe
     1>Done Building Project "E:\workspace_vs2012\258.DataBaseSearch\258.DataBaseSearch\258.DataBaseSearch.vcxproj" (Build target(s)).

Build succeeded.

Time Elapsed 00:00:01.81
